# JRE version: Java(TM) SE Runtime Environment (8.0_191-b12) (build 1.8.0_191-b12)
# Java VM: Java HotSpot(TM) 64-Bit Server VM (25.191-b12 mixed mode windows-amd64 compressed oops)
Heap:
 PSYoungGen      total 137728K, used 108319K [0x00000000d5e00000, 0x00000000df000000, 0x0000000100000000)
  eden space 129024K, 83% used [0x00000000d5e00000,0x00000000dc7c7e40,0x00000000ddc00000)
  from space 8704K, 0% used [0x00000000dde00000,0x00000000dde00000,0x00000000de680000)
  to   space 9728K, 0% used [0x00000000de680000,0x00000000de680000,0x00000000df000000)
 ParOldGen       total 70144K, used 14636K [0x0000000081a00000, 0x0000000085e80000, 0x00000000d5e00000)
  object space 70144K, 20% used [0x0000000081a00000,0x000000008284b170,0x0000000085e80000)
 Metaspace       used 23158K, capacity 23686K, committed 23936K, reserved 1071104K
  class space    used 2699K, capacity 2859K, committed 2944K, reserved 1048576K
GC Heap History (10 events):
Event: 5.556 GC heap before
{Heap before GC invocations=4 (full 0):
 PSYoungGen      total 38400K, used 38384K [0x00000000d5e00000, 0x00000000da900000, 0x0000000100000000)
  eden space 33280K, 100% used [0x00000000d5e00000,0x00000000d7e80000,0x00000000d7e80000)
  from space 5120K, 99% used [0x00000000d7e80000,0x00000000d837c050,0x00000000d8380000)
  to   space 5120K, 0% used [0x00000000da400000,0x00000000da400000,0x00000000da900000)
 ParOldGen       total 87552K, used 4169K [0x0000000081a00000, 0x0000000086f80000, 0x00000000d5e00000)
  object space 87552K, 4% used [0x0000000081a00000,0x0000000081e12468,0x0000000086f80000)
 Metaspace       used 15513K, capacity 15756K, committed 16128K, reserved 1062912K
  class space    used 1849K, capacity 1946K, committed 2048K, reserved 1048576K
Event: 5.568 GC heap after
Heap after GC invocations=4 (full 0):
 PSYoungGen      total 71680K, used 5104K [0x00000000d5e00000, 0x00000000da900000, 0x0000000100000000)
  eden space 66560K, 0% used [0x00000000d5e00000,0x00000000d5e00000,0x00000000d9f00000)
  from space 5120K, 99% used [0x00000000da400000,0x00000000da8fc030,0x00000000da900000)
  to   space 5120K, 0% used [0x00000000d9f00000,0x00000000d9f00000,0x00000000da400000)
 ParOldGen       total 87552K, used 6065K [0x0000000081a00000, 0x0000000086f80000, 0x00000000d5e00000)
  object space 87552K, 6% used [0x0000000081a00000,0x0000000081fec468,0x0000000086f80000)
 Metaspace       used 15513K, capacity 15756K, committed 16128K, reserved 1062912K
  class space    used 1849K, capacity 1946K, committed 2048K, reserved 1048576K
}
Event: 7.805 GC heap before
{Heap before GC invocations=5 (full 0):
 PSYoungGen      total 71680K, used 71664K [0x00000000d5e00000, 0x00000000da900000, 0x0000000100000000)
  eden space 66560K, 100% used [0x00000000d5e00000,0x00000000d9f00000,0x00000000d9f00000)
  from space 5120K, 99% used [0x00000000da400000,0x00000000da8fc030,0x00000000da900000)
  to   space 5120K, 0% used [0x00000000d9f00000,0x00000000d9f00000,0x00000000da400000)
 ParOldGen       total 87552K, used 6065K [0x0000000081a00000, 0x0000000086f80000, 0x00000000d5e00000)
  object space 87552K, 6% used [0x0000000081a00000,0x0000000081fec468,0x0000000086f80000)
 Metaspace       used 15969K, capacity 16228K, committed 16384K, reserved 1062912K
  class space    used 1861K, capacity 1950K, committed 2048K, reserved 1048576K
Event: 7.838 GC heap after
Heap after GC invocations=5 (full 0):
 PSYoungGen      total 71680K, used 5104K [0x00000000d5e00000, 0x00000000df300000, 0x0000000100000000)
  eden space 66560K, 0% used [0x00000000d5e00000,0x00000000d5e00000,0x00000000d9f00000)
  from space 5120K, 99% used [0x00000000d9f00000,0x00000000da3fc030,0x00000000da400000)
  to   space 9728K, 0% used [0x00000000de980000,0x00000000de980000,0x00000000df300000)
 ParOldGen       total 87552K, used 9755K [0x0000000081a00000, 0x0000000086f80000, 0x00000000d5e00000)
  object space 87552K, 11% used [0x0000000081a00000,0x0000000082386f48,0x0000000086f80000)
 Metaspace       used 15969K, capacity 16228K, committed 16384K, reserved 1062912K
  class space    used 1861K, capacity 1950K, committed 2048K, reserved 1048576K
}
Event: 13.478 GC heap before
{Heap before GC invocations=6 (full 0):
 PSYoungGen      total 71680K, used 71664K [0x00000000d5e00000, 0x00000000df300000, 0x0000000100000000)
  eden space 66560K, 100% used [0x00000000d5e00000,0x00000000d9f00000,0x00000000d9f00000)
  from space 5120K, 99% used [0x00000000d9f00000,0x00000000da3fc030,0x00000000da400000)
  to   space 9728K, 0% used [0x00000000de980000,0x00000000de980000,0x00000000df300000)
 ParOldGen       total 87552K, used 9755K [0x0000000081a00000, 0x0000000086f80000, 0x00000000d5e00000)
  object space 87552K, 11% used [0x0000000081a00000,0x0000000082386f48,0x0000000086f80000)
 Metaspace       used 17030K, capacity 17460K, committed 17792K, reserved 1064960K
  class space    used 1964K, capacity 2062K, committed 2176K, reserved 1048576K
Event: 13.511 GC heap after
Heap after GC invocations=6 (full 0):
 PSYoungGen      total 73216K, used 8700K [0x00000000d5e00000, 0x00000000df200000, 0x0000000100000000)
  eden space 64512K, 0% used [0x00000000d5e00000,0x00000000d5e00000,0x00000000d9d00000)
  from space 8704K, 99% used [0x00000000de980000,0x00000000df1ff080,0x00000000df200000)
  to   space 10240K, 0% used [0x00000000dde00000,0x00000000dde00000,0x00000000de800000)
 ParOldGen       total 87552K, used 9763K [0x0000000081a00000, 0x0000000086f80000, 0x00000000d5e00000)
  object space 87552K, 11% used [0x0000000081a00000,0x0000000082388f48,0x0000000086f80000)
 Metaspace       used 17030K, capacity 17460K, committed 17792K, reserved 1064960K
  class space    used 1964K, capacity 2062K, committed 2176K, reserved 1048576K
}
Event: 15.441 GC heap before
{Heap before GC invocations=7 (full 0):
 PSYoungGen      total 73216K, used 30571K [0x00000000d5e00000, 0x00000000df200000, 0x0000000100000000)
  eden space 64512K, 33% used [0x00000000d5e00000,0x00000000d735bd18,0x00000000d9d00000)
  from space 8704K, 99% used [0x00000000de980000,0x00000000df1ff080,0x00000000df200000)
  to   space 10240K, 0% used [0x00000000dde00000,0x00000000dde00000,0x00000000de800000)
 ParOldGen       total 87552K, used 9763K [0x0000000081a00000, 0x0000000086f80000, 0x00000000d5e00000)
  object space 87552K, 11% used [0x0000000081a00000,0x0000000082388f48,0x0000000086f80000)
 Metaspace       used 20732K, capacity 21148K, committed 21296K, reserved 1069056K
  class space    used 2454K, capacity 2590K, committed 2688K, reserved 1048576K
Event: 15.495 GC heap after
Heap after GC invocations=7 (full 0):
 PSYoungGen      total 137728K, used 8263K [0x00000000d5e00000, 0x00000000df000000, 0x0000000100000000)
  eden space 129024K, 0% used [0x00000000d5e00000,0x00000000d5e00000,0x00000000ddc00000)
  from space 8704K, 94% used [0x00000000dde00000,0x00000000de611ec0,0x00000000de680000)
  to   space 9728K, 0% used [0x00000000de680000,0x00000000de680000,0x00000000df000000)
 ParOldGen       total 87552K, used 11113K [0x0000000081a00000, 0x0000000086f80000, 0x00000000d5e00000)
  object space 87552K, 12% used [0x0000000081a00000,0x00000000824da7e8,0x0000000086f80000)
 Metaspace       used 20732K, capacity 21148K, committed 21296K, reserved 1069056K
  class space    used 2454K, capacity 2590K, committed 2688K, reserved 1048576K
}
Event: 15.495 GC heap before
{Heap before GC invocations=8 (full 1):
 PSYoungGen      total 137728K, used 8263K [0x00000000d5e00000, 0x00000000df000000, 0x0000000100000000)
  eden space 129024K, 0% used [0x00000000d5e00000,0x00000000d5e00000,0x00000000ddc00000)
  from space 8704K, 94% used [0x00000000dde00000,0x00000000de611ec0,0x00000000de680000)
  to   space 9728K, 0% used [0x00000000de680000,0x00000000de680000,0x00000000df000000)
 ParOldGen       total 87552K, used 11113K [0x0000000081a00000, 0x0000000086f80000, 0x00000000d5e00000)
  object space 87552K, 12% used [0x0000000081a00000,0x00000000824da7e8,0x0000000086f80000)
 Metaspace       used 20732K, capacity 21148K, committed 21296K, reserved 1069056K
  class space    used 2454K, capacity 2590K, committed 2688K, reserved 1048576K
Event: 15.734 GC heap after
Heap after GC invocations=8 (full 1):
 PSYoungGen      total 137728K, used 0K [0x00000000d5e00000, 0x00000000df000000, 0x0000000100000000)
  eden space 129024K, 0% used [0x00000000d5e00000,0x00000000d5e00000,0x00000000ddc00000)
  from space 8704K, 0% used [0x00000000dde00000,0x00000000dde00000,0x00000000de680000)
  to   space 9728K, 0% used [0x00000000de680000,0x00000000de680000,0x00000000df000000)
 ParOldGen       total 70144K, used 14636K [0x0000000081a00000, 0x0000000085e80000, 0x00000000d5e00000)
  object space 70144K, 20% used [0x0000000081a00000,0x000000008284b170,0x0000000085e80000)
 Metaspace       used 20732K, capacity 21148K, committed 21296K, reserved 1069056K
  class space    used 2454K, capacity 2590K, committed 2688K, reserved 1048576K
}

